2026-01-15 22:42:35: [INFO] MainApplication: æ­£åœ¨å¯åŠ¨å¼¹å¹•è½¬æ€»ç»“åº”ç”¨ç¨‹åº...
2026-01-15 22:42:35: [INFO] ServiceManager: æ­£åœ¨åˆå§‹åŒ–æœåŠ¡ç®¡ç†å™¨...
2026-01-15 22:42:35: Loading configuration from: d:\workspace\myrepo\danmaku-to-summary-ts\src\scripts\config.json
2026-01-15 22:42:35: Configuration loaded from file: d:\workspace\myrepo\danmaku-to-summary-ts\src\scripts\config.json
2026-01-15 22:42:35: [DEBUG] DuplicateProcessorGuard: å¯åŠ¨æ¸…ç†å®šæ—¶å™¨ï¼Œé—´éš”: 300 ç§’
2026-01-15 22:42:35: [DEBUG] DuplicateProcessorGuard: å¯åŠ¨æ¸…ç†å®šæ—¶å™¨ï¼Œé—´éš”: 300 ç§’
2026-01-15 22:42:35: [DEBUG] DuplicateProcessorGuard: å¯åŠ¨æ¸…ç†å®šæ—¶å™¨ï¼Œé—´éš”: 300 ç§’
2026-01-15 22:42:35: [INFO] åˆå§‹åŒ–äº† 2 ä¸ªWebhookå¤„ç†å™¨
2026-01-15 22:42:35: [32m2026-01-15T14:42:35.922Z INFO    [d:\workspace\myrepo\danmaku-to-summary-ts\src\core\logging\LogManager.ts:24] LogManager initialized[0m
2026-01-15 22:42:35: [32m2026-01-15T14:42:35.933Z INFO    [d:\workspace\myrepo\danmaku-to-summary-ts\src\core\logging\LogManager.ts:24] LogManager initialized[0m
2026-01-15 22:42:35: [INFO] ServiceManager: æœåŠ¡åˆå§‹åŒ–æˆåŠŸ: webhook
2026-01-15 22:42:35: [INFO] ServiceManager: æœåŠ¡åˆå§‹åŒ–æˆåŠŸ: audio
2026-01-15 22:42:35: [INFO] ServiceManager: æœåŠ¡åˆå§‹åŒ–æˆåŠŸ: ai-text
2026-01-15 22:42:35: [INFO] ServiceManager: æœåŠ¡ç®¡ç†å™¨åˆå§‹åŒ–å®Œæˆ
2026-01-15 22:42:35: [INFO] ServiceManager: æ­£åœ¨å¯åŠ¨æ‰€æœ‰æœåŠ¡...
2026-01-15 22:42:35: [INFO] DDTVWebhookHandler: æ³¨å†ŒDDTV Webhookå¤„ç†å™¨ï¼Œè·¯å¾„: /ddtv
2026-01-15 22:42:35: [32m2026-01-15T14:42:35.935Z INFO    [d:\workspace\myrepo\danmaku-to-summary-ts\src\services\webhook\WebhookService.ts:348] æ³¨å†Œå¤„ç†å™¨: DDTV Webhook Handler (/ddtv)[0m {"source":"WebhookService"}
2026-01-15 22:42:35: [INFO] MikufansWebhookHandler: æ³¨å†ŒMikufans Webhookå¤„ç†å™¨ï¼Œè·¯å¾„: /mikufans
2026-01-15 22:42:35: [32m2026-01-15T14:42:35.944Z INFO    [d:\workspace\myrepo\danmaku-to-summary-ts\src\services\webhook\WebhookService.ts:348] æ³¨å†Œå¤„ç†å™¨: Mikufans Webhook Handler (/mikufans)[0m {"source":"WebhookService"}
2026-01-15 22:42:35: [32m2026-01-15T14:42:35.974Z INFO    [d:\workspace\myrepo\danmaku-to-summary-ts\src\services\webhook\WebhookService.ts:77] 
==================================================[0m {"source":"WebhookService"}
2026-01-15 22:42:35: [32m2026-01-15T14:42:35.976Z INFO    [d:\workspace\myrepo\danmaku-to-summary-ts\src\services\webhook\WebhookService.ts:78] WebhookæœåŠ¡å·²å¯åŠ¨[0m {"source":"WebhookService"}
2026-01-15 22:42:35: [32m2026-01-15T14:42:35.976Z INFO    [d:\workspace\myrepo\danmaku-to-summary-ts\src\services\webhook\WebhookService.ts:79] åœ°å€: http://localhost:15121[0m {"source":"WebhookService"}
2026-01-15 22:42:35: [32m2026-01-15T14:42:35.976Z INFO    [d:\workspace\myrepo\danmaku-to-summary-ts\src\services\webhook\WebhookService.ts:80] DDTVç«¯ç‚¹: http://localhost:15121/ddtv[0m {"source":"WebhookService"}
2026-01-15 22:42:35: [32m2026-01-15T14:42:35.976Z INFO    [d:\workspace\myrepo\danmaku-to-summary-ts\src\services\webhook\WebhookService.ts:81] Mikufansç«¯ç‚¹: http://localhost:15121/mikufans[0m {"source":"WebhookService"}
2026-01-15 22:42:35: [32m2026-01-15T14:42:35.976Z INFO    [d:\workspace\myrepo\danmaku-to-summary-ts\src\services\webhook\WebhookService.ts:82] ==================================================
[0m {"source":"WebhookService"}
2026-01-15 22:42:35: [INFO] ServiceManager: æœåŠ¡å¯åŠ¨æˆåŠŸ: webhook
2026-01-15 22:42:35: [INFO] ServiceManager: æ‰€æœ‰æœåŠ¡å¯åŠ¨å®Œæˆ
2026-01-15 22:42:35: [INFO] MainApplication: åº”ç”¨ç¨‹åºå¯åŠ¨å®Œæˆï¼Œç­‰å¾…Webhookäº‹ä»¶...
2026-01-15 22:42:35: [INFO] MainApplication: 
==================================================
2026-01-15 22:42:35: [INFO] MainApplication: å¼¹å¹•è½¬æ€»ç»“åº”ç”¨ç¨‹åº
2026-01-15 22:42:35: [INFO] MainApplication: ç‰ˆæœ¬: 0.2.0
2026-01-15 22:42:35: [INFO] MainApplication: ç¯å¢ƒ: development
2026-01-15 22:42:35: [INFO] MainApplication: æ—¥å¿—çº§åˆ«: info
2026-01-15 22:42:35: [INFO] MainApplication: Webhookç«¯å£: 15121
2026-01-15 22:42:35: [INFO] MainApplication: Webhookä¸»æœº: localhost
2026-01-15 22:42:35: [INFO] MainApplication: ==================================================

2026-01-15 22:45:58: [INFO] MainApplication: æ­£åœ¨å¯åŠ¨å¼¹å¹•è½¬æ€»ç»“åº”ç”¨ç¨‹åº...
2026-01-15 22:45:58: [INFO] ServiceManager: æ­£åœ¨åˆå§‹åŒ–æœåŠ¡ç®¡ç†å™¨...
2026-01-15 22:45:58: Loading configuration from: d:\workspace\myrepo\danmaku-to-summary-ts\src\scripts\config.json
2026-01-15 22:45:58: Configuration loaded from file: d:\workspace\myrepo\danmaku-to-summary-ts\src\scripts\config.json
2026-01-15 22:45:58: [DEBUG] DuplicateProcessorGuard: å¯åŠ¨æ¸…ç†å®šæ—¶å™¨ï¼Œé—´éš”: 300 ç§’
2026-01-15 22:45:58: [DEBUG] DuplicateProcessorGuard: å¯åŠ¨æ¸…ç†å®šæ—¶å™¨ï¼Œé—´éš”: 300 ç§’
2026-01-15 22:45:58: [DEBUG] DuplicateProcessorGuard: å¯åŠ¨æ¸…ç†å®šæ—¶å™¨ï¼Œé—´éš”: 300 ç§’
2026-01-15 22:45:58: [INFO] åˆå§‹åŒ–äº† 2 ä¸ªWebhookå¤„ç†å™¨
2026-01-15 22:45:58: [32m2026-01-15T14:45:58.164Z INFO    [d:\workspace\myrepo\danmaku-to-summary-ts\src\core\logging\LogManager.ts:24] LogManager initialized[0m
2026-01-15 22:45:58: [32m2026-01-15T14:45:58.175Z INFO    [d:\workspace\myrepo\danmaku-to-summary-ts\src\core\logging\LogManager.ts:24] LogManager initialized[0m
2026-01-15 22:45:58: [INFO] ServiceManager: æœåŠ¡åˆå§‹åŒ–æˆåŠŸ: webhook
2026-01-15 22:45:58: [INFO] ServiceManager: æœåŠ¡åˆå§‹åŒ–æˆåŠŸ: audio
2026-01-15 22:45:58: [INFO] ServiceManager: æœåŠ¡åˆå§‹åŒ–æˆåŠŸ: ai-text
2026-01-15 22:45:58: [INFO] ServiceManager: æœåŠ¡ç®¡ç†å™¨åˆå§‹åŒ–å®Œæˆ
2026-01-15 22:45:58: [INFO] ServiceManager: æ­£åœ¨å¯åŠ¨æ‰€æœ‰æœåŠ¡...
2026-01-15 22:45:58: [INFO] DDTVWebhookHandler: æ³¨å†ŒDDTV Webhookå¤„ç†å™¨ï¼Œè·¯å¾„: /ddtv
2026-01-15 22:45:58: [32m2026-01-15T14:45:58.177Z INFO    [d:\workspace\myrepo\danmaku-to-summary-ts\src\services\webhook\WebhookService.ts:348] æ³¨å†Œå¤„ç†å™¨: DDTV Webhook Handler (/ddtv)[0m {"source":"WebhookService"}
2026-01-15 22:45:58: [INFO] MikufansWebhookHandler: æ³¨å†ŒMikufans Webhookå¤„ç†å™¨ï¼Œè·¯å¾„: /mikufans
2026-01-15 22:45:58: [32m2026-01-15T14:45:58.186Z INFO    [d:\workspace\myrepo\danmaku-to-summary-ts\src\services\webhook\WebhookService.ts:348] æ³¨å†Œå¤„ç†å™¨: Mikufans Webhook Handler (/mikufans)[0m {"source":"WebhookService"}
2026-01-15 22:45:58: [32m2026-01-15T14:45:58.207Z INFO    [d:\workspace\myrepo\danmaku-to-summary-ts\src\services\webhook\WebhookService.ts:77] 
==================================================[0m {"source":"WebhookService"}
2026-01-15 22:45:58: [32m2026-01-15T14:45:58.209Z INFO    [d:\workspace\myrepo\danmaku-to-summary-ts\src\services\webhook\WebhookService.ts:78] WebhookæœåŠ¡å·²å¯åŠ¨[0m {"source":"WebhookService"}
2026-01-15 22:45:58: [32m2026-01-15T14:45:58.209Z INFO    [d:\workspace\myrepo\danmaku-to-summary-ts\src\services\webhook\WebhookService.ts:79] åœ°å€: http://localhost:15121[0m {"source":"WebhookService"}
2026-01-15 22:45:58: [32m2026-01-15T14:45:58.210Z INFO    [d:\workspace\myrepo\danmaku-to-summary-ts\src\services\webhook\WebhookService.ts:80] DDTVç«¯ç‚¹: http://localhost:15121/ddtv[0m {"source":"WebhookService"}
2026-01-15 22:45:58: [32m2026-01-15T14:45:58.210Z INFO    [d:\workspace\myrepo\danmaku-to-summary-ts\src\services\webhook\WebhookService.ts:81] Mikufansç«¯ç‚¹: http://localhost:15121/mikufans[0m {"source":"WebhookService"}
2026-01-15 22:45:58: [32m2026-01-15T14:45:58.211Z INFO    [d:\workspace\myrepo\danmaku-to-summary-ts\src\services\webhook\WebhookService.ts:82] ==================================================
[0m {"source":"WebhookService"}
2026-01-15 22:45:58: [INFO] ServiceManager: æœåŠ¡å¯åŠ¨æˆåŠŸ: webhook
2026-01-15 22:45:58: [INFO] ServiceManager: æ‰€æœ‰æœåŠ¡å¯åŠ¨å®Œæˆ
2026-01-15 22:45:58: [INFO] MainApplication: åº”ç”¨ç¨‹åºå¯åŠ¨å®Œæˆï¼Œç­‰å¾…Webhookäº‹ä»¶...
2026-01-15 22:45:58: [INFO] MainApplication: 
==================================================
2026-01-15 22:45:58: [INFO] MainApplication: å¼¹å¹•è½¬æ€»ç»“åº”ç”¨ç¨‹åº
2026-01-15 22:45:58: [INFO] MainApplication: ç‰ˆæœ¬: 0.2.0
2026-01-15 22:45:58: [INFO] MainApplication: ç¯å¢ƒ: development
2026-01-15 22:45:58: [INFO] MainApplication: æ—¥å¿—çº§åˆ«: info
2026-01-15 22:45:58: [INFO] MainApplication: Webhookç«¯å£: 15121
2026-01-15 22:45:58: [INFO] MainApplication: Webhookä¸»æœº: localhost
2026-01-15 22:45:58: [INFO] MainApplication: ==================================================

2026-01-15 22:46:29: [INFO] MainApplication: æ­£åœ¨å¯åŠ¨å¼¹å¹•è½¬æ€»ç»“åº”ç”¨ç¨‹åº...
2026-01-15 22:46:29: [INFO] ServiceManager: æ­£åœ¨åˆå§‹åŒ–æœåŠ¡ç®¡ç†å™¨...
2026-01-15 22:46:29: Loading configuration from: d:\workspace\myrepo\danmaku-to-summary-ts\src\scripts\config.json
2026-01-15 22:46:29: Configuration loaded from file: d:\workspace\myrepo\danmaku-to-summary-ts\src\scripts\config.json
2026-01-15 22:46:29: [DEBUG] DuplicateProcessorGuard: å¯åŠ¨æ¸…ç†å®šæ—¶å™¨ï¼Œé—´éš”: 300 ç§’
2026-01-15 22:46:29: [DEBUG] DuplicateProcessorGuard: å¯åŠ¨æ¸…ç†å®šæ—¶å™¨ï¼Œé—´éš”: 300 ç§’
2026-01-15 22:46:29: [DEBUG] DuplicateProcessorGuard: å¯åŠ¨æ¸…ç†å®šæ—¶å™¨ï¼Œé—´éš”: 300 ç§’
2026-01-15 22:46:29: [INFO] åˆå§‹åŒ–äº† 2 ä¸ªWebhookå¤„ç†å™¨
2026-01-15 22:46:29: [32m2026-01-15T14:46:29.780Z INFO    [d:\workspace\myrepo\danmaku-to-summary-ts\src\core\logging\LogManager.ts:24] LogManager initialized[0m
2026-01-15 22:46:29: [32m2026-01-15T14:46:29.791Z INFO    [d:\workspace\myrepo\danmaku-to-summary-ts\src\core\logging\LogManager.ts:24] LogManager initialized[0m
2026-01-15 22:46:29: [INFO] ServiceManager: æœåŠ¡åˆå§‹åŒ–æˆåŠŸ: webhook
2026-01-15 22:46:29: [INFO] ServiceManager: æœåŠ¡åˆå§‹åŒ–æˆåŠŸ: audio
2026-01-15 22:46:29: [INFO] ServiceManager: æœåŠ¡åˆå§‹åŒ–æˆåŠŸ: ai-text
2026-01-15 22:46:29: [INFO] ServiceManager: æœåŠ¡ç®¡ç†å™¨åˆå§‹åŒ–å®Œæˆ
2026-01-15 22:46:29: [INFO] ServiceManager: æ­£åœ¨å¯åŠ¨æ‰€æœ‰æœåŠ¡...
2026-01-15 22:46:29: [INFO] DDTVWebhookHandler: æ³¨å†ŒDDTV Webhookå¤„ç†å™¨ï¼Œè·¯å¾„: /ddtv
2026-01-15 22:46:29: [32m2026-01-15T14:46:29.793Z INFO    [d:\workspace\myrepo\danmaku-to-summary-ts\src\services\webhook\WebhookService.ts:348] æ³¨å†Œå¤„ç†å™¨: DDTV Webhook Handler (/ddtv)[0m {"source":"WebhookService"}
2026-01-15 22:46:29: [INFO] MikufansWebhookHandler: æ³¨å†ŒMikufans Webhookå¤„ç†å™¨ï¼Œè·¯å¾„: /mikufans
2026-01-15 22:46:29: [32m2026-01-15T14:46:29.804Z INFO    [d:\workspace\myrepo\danmaku-to-summary-ts\src\services\webhook\WebhookService.ts:348] æ³¨å†Œå¤„ç†å™¨: Mikufans Webhook Handler (/mikufans)[0m {"source":"WebhookService"}
2026-01-15 22:46:29: [32m2026-01-15T14:46:29.829Z INFO    [d:\workspace\myrepo\danmaku-to-summary-ts\src\services\webhook\WebhookService.ts:77] 
==================================================[0m {"source":"WebhookService"}
2026-01-15 22:46:29: [32m2026-01-15T14:46:29.831Z INFO    [d:\workspace\myrepo\danmaku-to-summary-ts\src\services\webhook\WebhookService.ts:78] WebhookæœåŠ¡å·²å¯åŠ¨[0m {"source":"WebhookService"}
2026-01-15 22:46:29: [32m2026-01-15T14:46:29.832Z INFO    [d:\workspace\myrepo\danmaku-to-summary-ts\src\services\webhook\WebhookService.ts:79] åœ°å€: http://localhost:15121[0m {"source":"WebhookService"}
2026-01-15 22:46:29: [32m2026-01-15T14:46:29.832Z INFO    [d:\workspace\myrepo\danmaku-to-summary-ts\src\services\webhook\WebhookService.ts:80] DDTVç«¯ç‚¹: http://localhost:15121/ddtv[0m {"source":"WebhookService"}
2026-01-15 22:46:29: [32m2026-01-15T14:46:29.832Z INFO    [d:\workspace\myrepo\danmaku-to-summary-ts\src\services\webhook\WebhookService.ts:81] Mikufansç«¯ç‚¹: http://localhost:15121/mikufans[0m {"source":"WebhookService"}
2026-01-15 22:46:29: [32m2026-01-15T14:46:29.832Z INFO    [d:\workspace\myrepo\danmaku-to-summary-ts\src\services\webhook\WebhookService.ts:82] ==================================================
[0m {"source":"WebhookService"}
2026-01-15 22:46:29: [INFO] ServiceManager: æœåŠ¡å¯åŠ¨æˆåŠŸ: webhook
2026-01-15 22:46:29: [INFO] ServiceManager: æ‰€æœ‰æœåŠ¡å¯åŠ¨å®Œæˆ
2026-01-15 22:46:29: [INFO] MainApplication: åº”ç”¨ç¨‹åºå¯åŠ¨å®Œæˆï¼Œç­‰å¾…Webhookäº‹ä»¶...
2026-01-15 22:46:29: [INFO] MainApplication: 
==================================================
2026-01-15 22:46:29: [INFO] MainApplication: å¼¹å¹•è½¬æ€»ç»“åº”ç”¨ç¨‹åº
2026-01-15 22:46:29: [INFO] MainApplication: ç‰ˆæœ¬: 0.2.0
2026-01-15 22:46:29: [INFO] MainApplication: ç¯å¢ƒ: development
2026-01-15 22:46:29: [INFO] MainApplication: æ—¥å¿—çº§åˆ«: info
2026-01-15 22:46:29: [INFO] MainApplication: Webhookç«¯å£: 15121
2026-01-15 22:46:29: [INFO] MainApplication: Webhookä¸»æœº: localhost
2026-01-15 22:46:29: [INFO] MainApplication: ==================================================

2026-01-15 22:53:07: [INFO] MainApplication: æ­£åœ¨å¯åŠ¨å¼¹å¹•è½¬æ€»ç»“åº”ç”¨ç¨‹åº...
2026-01-15 22:53:07: [INFO] ServiceManager: æ­£åœ¨åˆå§‹åŒ–æœåŠ¡ç®¡ç†å™¨...
2026-01-15 22:53:07: Loading configuration from: d:\workspace\myrepo\danmaku-to-summary-ts\src\scripts\config.json
2026-01-15 22:53:07: Configuration loaded from file: d:\workspace\myrepo\danmaku-to-summary-ts\src\scripts\config.json
2026-01-15 22:53:07: [DEBUG] DuplicateProcessorGuard: å¯åŠ¨æ¸…ç†å®šæ—¶å™¨ï¼Œé—´éš”: 300 ç§’
2026-01-15 22:53:07: [DEBUG] DuplicateProcessorGuard: å¯åŠ¨æ¸…ç†å®šæ—¶å™¨ï¼Œé—´éš”: 300 ç§’
2026-01-15 22:53:07: [DEBUG] DuplicateProcessorGuard: å¯åŠ¨æ¸…ç†å®šæ—¶å™¨ï¼Œé—´éš”: 300 ç§’
2026-01-15 22:53:07: [INFO] åˆå§‹åŒ–äº† 2 ä¸ªWebhookå¤„ç†å™¨
2026-01-15 22:53:07: [32m2026-01-15T14:53:07.928Z INFO    [d:\workspace\myrepo\danmaku-to-summary-ts\src\core\logging\LogManager.ts:24] LogManager initialized[0m
2026-01-15 22:53:07: [32m2026-01-15T14:53:07.938Z INFO    [d:\workspace\myrepo\danmaku-to-summary-ts\src\core\logging\LogManager.ts:24] LogManager initialized[0m
2026-01-15 22:53:07: [INFO] ServiceManager: æœåŠ¡åˆå§‹åŒ–æˆåŠŸ: webhook
2026-01-15 22:53:07: [INFO] ServiceManager: æœåŠ¡åˆå§‹åŒ–æˆåŠŸ: audio
2026-01-15 22:53:07: [INFO] ServiceManager: æœåŠ¡åˆå§‹åŒ–æˆåŠŸ: ai-text
2026-01-15 22:53:07: [INFO] ServiceManager: æœåŠ¡ç®¡ç†å™¨åˆå§‹åŒ–å®Œæˆ
2026-01-15 22:53:07: [INFO] ServiceManager: æ­£åœ¨å¯åŠ¨æ‰€æœ‰æœåŠ¡...
2026-01-15 22:53:07: [INFO] DDTVWebhookHandler: æ³¨å†ŒDDTV Webhookå¤„ç†å™¨ï¼Œè·¯å¾„: /ddtv
2026-01-15 22:53:07: [32m2026-01-15T14:53:07.940Z INFO    [d:\workspace\myrepo\danmaku-to-summary-ts\src\services\webhook\WebhookService.ts:348] æ³¨å†Œå¤„ç†å™¨: DDTV Webhook Handler (/ddtv)[0m {"source":"WebhookService"}
2026-01-15 22:53:07: [INFO] MikufansWebhookHandler: æ³¨å†ŒMikufans Webhookå¤„ç†å™¨ï¼Œè·¯å¾„: /mikufans
2026-01-15 22:53:07: [32m2026-01-15T14:53:07.949Z INFO    [d:\workspace\myrepo\danmaku-to-summary-ts\src\services\webhook\WebhookService.ts:348] æ³¨å†Œå¤„ç†å™¨: Mikufans Webhook Handler (/mikufans)[0m {"source":"WebhookService"}
2026-01-15 22:53:07: [32m2026-01-15T14:53:07.976Z INFO    [d:\workspace\myrepo\danmaku-to-summary-ts\src\services\webhook\WebhookService.ts:77] 
==================================================[0m {"source":"WebhookService"}
2026-01-15 22:53:07: [32m2026-01-15T14:53:07.978Z INFO    [d:\workspace\myrepo\danmaku-to-summary-ts\src\services\webhook\WebhookService.ts:78] WebhookæœåŠ¡å·²å¯åŠ¨[0m {"source":"WebhookService"}
2026-01-15 22:53:07: [32m2026-01-15T14:53:07.978Z INFO    [d:\workspace\myrepo\danmaku-to-summary-ts\src\services\webhook\WebhookService.ts:79] åœ°å€: http://localhost:15121[0m {"source":"WebhookService"}
2026-01-15 22:53:07: [32m2026-01-15T14:53:07.978Z INFO    [d:\workspace\myrepo\danmaku-to-summary-ts\src\services\webhook\WebhookService.ts:80] DDTVç«¯ç‚¹: http://localhost:15121/ddtv[0m {"source":"WebhookService"}
2026-01-15 22:53:07: [32m2026-01-15T14:53:07.978Z INFO    [d:\workspace\myrepo\danmaku-to-summary-ts\src\services\webhook\WebhookService.ts:81] Mikufansç«¯ç‚¹: http://localhost:15121/mikufans[0m {"source":"WebhookService"}
2026-01-15 22:53:07: [32m2026-01-15T14:53:07.978Z INFO    [d:\workspace\myrepo\danmaku-to-summary-ts\src\services\webhook\WebhookService.ts:82] ==================================================
[0m {"source":"WebhookService"}
2026-01-15 22:53:07: [INFO] ServiceManager: æœåŠ¡å¯åŠ¨æˆåŠŸ: webhook
2026-01-15 22:53:07: [INFO] ServiceManager: æ‰€æœ‰æœåŠ¡å¯åŠ¨å®Œæˆ
2026-01-15 22:53:07: [INFO] MainApplication: åº”ç”¨ç¨‹åºå¯åŠ¨å®Œæˆï¼Œç­‰å¾…Webhookäº‹ä»¶...
2026-01-15 22:53:07: [INFO] MainApplication: 
==================================================
2026-01-15 22:53:07: [INFO] MainApplication: å¼¹å¹•è½¬æ€»ç»“åº”ç”¨ç¨‹åº
2026-01-15 22:53:07: [INFO] MainApplication: ç‰ˆæœ¬: 0.2.0
2026-01-15 22:53:07: [INFO] MainApplication: ç¯å¢ƒ: development
2026-01-15 22:53:07: [INFO] MainApplication: æ—¥å¿—çº§åˆ«: info
2026-01-15 22:53:07: [INFO] MainApplication: Webhookç«¯å£: 15121
2026-01-15 22:53:07: [INFO] MainApplication: Webhookä¸»æœº: localhost
2026-01-15 22:53:07: [INFO] MainApplication: ==================================================

2026-01-16 05:57:34: [INFO] MainApplication: æ­£åœ¨å¯åŠ¨å¼¹å¹•è½¬æ€»ç»“åº”ç”¨ç¨‹åº...
2026-01-16 05:57:34: [INFO] ServiceManager: æ­£åœ¨åˆå§‹åŒ–æœåŠ¡ç®¡ç†å™¨...
2026-01-16 05:57:34: âœ“ é…ç½®è·¯å¾„ä¼˜å…ˆçº§: d:\workspace\myrepo\danmaku-to-summary-ts\config\production.json
2026-01-16 05:57:34: Loading configuration from: d:\workspace\myrepo\danmaku-to-summary-ts\config\production.json
2026-01-16 05:57:34: Configuration loaded from file: d:\workspace\myrepo\danmaku-to-summary-ts\config\production.json
2026-01-16 05:57:34: [DEBUG] DuplicateProcessorGuard: å¯åŠ¨æ¸…ç†å®šæ—¶å™¨ï¼Œé—´éš”: 300 ç§’
2026-01-16 05:57:34: [DEBUG] DuplicateProcessorGuard: å¯åŠ¨æ¸…ç†å®šæ—¶å™¨ï¼Œé—´éš”: 300 ç§’
2026-01-16 05:57:34: [DEBUG] DuplicateProcessorGuard: å¯åŠ¨æ¸…ç†å®šæ—¶å™¨ï¼Œé—´éš”: 300 ç§’
2026-01-16 05:57:34: [INFO] åˆå§‹åŒ–äº† 2 ä¸ªWebhookå¤„ç†å™¨
2026-01-16 05:57:34: [32m2026-01-15T21:57:34.064Z INFO    [d:\workspace\myrepo\danmaku-to-summary-ts\src\core\logging\LogManager.ts:24] LogManager initialized[0m
2026-01-16 05:57:34: [32m2026-01-15T21:57:34.073Z INFO    [d:\workspace\myrepo\danmaku-to-summary-ts\src\core\logging\LogManager.ts:24] LogManager initialized[0m
2026-01-16 05:57:34: [INFO] ServiceManager: æœåŠ¡åˆå§‹åŒ–æˆåŠŸ: webhook
2026-01-16 05:57:34: [INFO] ServiceManager: æœåŠ¡åˆå§‹åŒ–æˆåŠŸ: audio
2026-01-16 05:57:34: [INFO] ServiceManager: æœåŠ¡åˆå§‹åŒ–æˆåŠŸ: ai-text
2026-01-16 05:57:34: [INFO] ServiceManager: æœåŠ¡ç®¡ç†å™¨åˆå§‹åŒ–å®Œæˆ
2026-01-16 05:57:34: [INFO] ServiceManager: æ­£åœ¨å¯åŠ¨æ‰€æœ‰æœåŠ¡...
2026-01-16 05:57:34: [INFO] DDTVWebhookHandler: æ³¨å†ŒDDTV Webhookå¤„ç†å™¨ï¼Œè·¯å¾„: /ddtv
2026-01-16 05:57:34: [32m2026-01-15T21:57:34.075Z INFO    [d:\workspace\myrepo\danmaku-to-summary-ts\src\services\webhook\WebhookService.ts:360] æ³¨å†Œå¤„ç†å™¨: DDTV Webhook Handler (/ddtv)[0m {"source":"WebhookService"}
2026-01-16 05:57:34: [INFO] MikufansWebhookHandler: æ³¨å†ŒMikufans Webhookå¤„ç†å™¨ï¼Œè·¯å¾„: /mikufans
2026-01-16 05:57:34: [32m2026-01-15T21:57:34.086Z INFO    [d:\workspace\myrepo\danmaku-to-summary-ts\src\services\webhook\WebhookService.ts:360] æ³¨å†Œå¤„ç†å™¨: Mikufans Webhook Handler (/mikufans)[0m {"source":"WebhookService"}
2026-01-16 05:57:34: [32m2026-01-15T21:57:34.104Z INFO    [d:\workspace\myrepo\danmaku-to-summary-ts\src\services\webhook\WebhookService.ts:79] 
==================================================[0m {"source":"WebhookService"}
2026-01-16 05:57:34: [32m2026-01-15T21:57:34.106Z INFO    [d:\workspace\myrepo\danmaku-to-summary-ts\src\services\webhook\WebhookService.ts:80] WebhookæœåŠ¡å·²å¯åŠ¨[0m {"source":"WebhookService"}
2026-01-16 05:57:34: [32m2026-01-15T21:57:34.106Z INFO    [d:\workspace\myrepo\danmaku-to-summary-ts\src\services\webhook\WebhookService.ts:81] åœ°å€: http://0.0.0.0:15121[0m {"source":"WebhookService"}
2026-01-16 05:57:34: [32m2026-01-15T21:57:34.106Z INFO    [d:\workspace\myrepo\danmaku-to-summary-ts\src\services\webhook\WebhookService.ts:82] DDTVç«¯ç‚¹: http://0.0.0.0:15121/ddtv[0m {"source":"WebhookService"}
2026-01-16 05:57:34: [32m2026-01-15T21:57:34.107Z INFO    [d:\workspace\myrepo\danmaku-to-summary-ts\src\services\webhook\WebhookService.ts:83] Mikufansç«¯ç‚¹: http://0.0.0.0:15121/mikufans[0m {"source":"WebhookService"}
2026-01-16 05:57:34: [32m2026-01-15T21:57:34.107Z INFO    [d:\workspace\myrepo\danmaku-to-summary-ts\src\services\webhook\WebhookService.ts:84] ==================================================
[0m {"source":"WebhookService"}
2026-01-16 05:57:34: [INFO] ServiceManager: æœåŠ¡å¯åŠ¨æˆåŠŸ: webhook
2026-01-16 05:57:34: [INFO] ServiceManager: æ‰€æœ‰æœåŠ¡å¯åŠ¨å®Œæˆ
2026-01-16 05:57:34: [INFO] MainApplication: åº”ç”¨ç¨‹åºå¯åŠ¨å®Œæˆï¼Œç­‰å¾…Webhookäº‹ä»¶...
2026-01-16 05:57:34: [INFO] MainApplication: 
==================================================
2026-01-16 05:57:34: [INFO] MainApplication: å¼¹å¹•è½¬æ€»ç»“åº”ç”¨ç¨‹åº
2026-01-16 05:57:34: [INFO] MainApplication: ç‰ˆæœ¬: 2.0.0
2026-01-16 05:57:34: [INFO] MainApplication: ç¯å¢ƒ: production
2026-01-16 05:57:34: [INFO] MainApplication: æ—¥å¿—çº§åˆ«: info
2026-01-16 05:57:34: [INFO] MainApplication: Webhookç«¯å£: 15121
2026-01-16 05:57:34: [INFO] MainApplication: Webhookä¸»æœº: 0.0.0.0
2026-01-16 05:57:34: [INFO] MainApplication: ==================================================

